<?xml version="1.0" encoding="UTF-8"?>
<testng-results ignored="0" total="1" passed="1" failed="0" skipped="0">
  <reporter-output>
  </reporter-output>
  <suite started-at="2024-08-03T21:56:43 IST" name="Default suite" finished-at="2024-08-03T21:57:08 IST" duration-ms="24546">
    <groups>
    </groups>
    <test started-at="2024-08-03T21:56:43 IST" name="Default test" finished-at="2024-08-03T21:57:08 IST" duration-ms="24546">
      <class name="Testscripts.Fitepo_Scripts">
        <test-method is-config="true" signature="Setup()[pri:0, instance:Testscripts.Fitepo_Scripts@10683d9d]" started-at="2024-08-03T21:56:43 IST" name="Setup" finished-at="2024-08-03T21:56:49 IST" duration-ms="5347" status="PASS">
          <reporter-output>
          </reporter-output>
        </test-method> <!-- Setup -->
        <test-method signature="Validate_the_setup()[pri:0, instance:Testscripts.Fitepo_Scripts@10683d9d]" started-at="2024-08-03T21:56:49 IST" name="Validate_the_setup" finished-at="2024-08-03T21:57:08 IST" duration-ms="19000" status="PASS">
          <reporter-output>
          </reporter-output>
        </test-method> <!-- Validate_the_setup -->
        <test-method is-config="true" signature="teardown()[pri:0, instance:Testscripts.Fitepo_Scripts@10683d9d]" started-at="2024-08-03T21:57:08 IST" name="teardown" finished-at="2024-08-03T21:57:08 IST" duration-ms="155" status="PASS">
          <reporter-output>
          </reporter-output>
        </test-method> <!-- teardown -->
      </class> <!-- Testscripts.Fitepo_Scripts -->
    </test> <!-- Default test -->
  </suite> <!-- Default suite -->
</testng-results>
